Build started 6.7.2014 г. 12:02:23 ч..
     1>Project "C:\Repositories\FableWorld\FableWorld\FableWorld\FableWorld.vcxproj" on node 2 (Build target(s)).
     1>FxCompile:
         C:\Program Files (x86)\Windows Kits\8.0\bin\x86\fxc.exe /nologo /E"TransformVS" /Fo "C:\Repositories\FableWorld\FableWorld\Debug\DebugGraphicsShader.cso" shaders\DebugGraphicsShader.fx 
         compilation object save succeeded; see C:\Repositories\FableWorld\FableWorld\Debug\DebugGraphicsShader.cso
       ClCompile:
         C:\Program Files (x86)\Microsoft Visual Studio 11.0\VC\bin\CL.exe /c /ZI /nologo /W3 /WX- /Od /Oy- /D _MBCS /Gm /EHsc /RTC1 /MDd /GS /fp:precise /Zc:wchar_t /Zc:forScope /Fo"Debug\\" /Fd"Debug\vc110.pdb" /Gd /TP /analyze- /errorReport:prompt Camera.cpp DirectInput.cpp GameEngine.cpp GameObject.cpp HeroSelection.cpp IBaseMenuObject.cpp LuaFunctions.cpp Main.cpp Misc.cpp Sky.cpp SoundSyst.cpp StaticMesh.cpp Terrain.cpp TextManager.cpp Button.cpp Label.cpp Textbox.cpp SkinnedMesh.cpp tinystr.cpp tinyxml.cpp tinyxmlerror.cpp tinyxmlparser.cpp Game.cpp Menu.cpp MenuInGame.cpp DialogueManager.cpp Tree.cpp
         Tree.cpp
         DialogueManager.cpp
         MenuInGame.cpp
         Menu.cpp
         Game.cpp
         tinyxmlparser.cpp
         tinyxmlerror.cpp
         tinyxml.cpp
         tinystr.cpp
         SkinnedMesh.cpp
         Textbox.cpp
         Label.cpp
         Button.cpp
         TextManager.cpp
         Terrain.cpp
         StaticMesh.cpp
     1>c:\repositories\fableworld\fableworld\fableworld\staticmesh.cpp(251): warning C4800: 'BOOL' : forcing value to bool 'true' or 'false' (performance warning)
         SoundSyst.cpp
         Sky.cpp
         Misc.cpp
         Main.cpp
     1>c:\repositories\fableworld\fableworld\fableworld\main.cpp(14): warning C4996: 'freopen': This function or variable may be unsafe. Consider using freopen_s instead. To disable deprecation, use _CRT_SECURE_NO_WARNINGS. See online help for details.
                 c:\program files (x86)\microsoft visual studio 11.0\vc\include\stdio.h(233) : see declaration of 'freopen'
         Generating Code...
     1>c:\repositories\fableworld\fableworld\fableworld\tree.cpp(124): warning C4715: 'Tree::FindNode' : not all control paths return a value
         Compiling...
         LuaFunctions.cpp
         IBaseMenuObject.cpp
         HeroSelection.cpp
         GameObject.cpp
         GameEngine.cpp
         DirectInput.cpp
         Camera.cpp
     1>c:\repositories\fableworld\fableworld\fableworld\camera.cpp(303): warning C4244: 'initializing' : conversion from 'double' to 'float', possible loss of data
         Generating Code...
     1>c:\repositories\fableworld\fableworld\fableworld\gameengine.cpp(372): warning C4715: 'GameEngine::IsDeviceLost' : not all control paths return a value
       Link:
         C:\Program Files (x86)\Microsoft Visual Studio 11.0\VC\bin\link.exe /ERRORREPORT:PROMPT /OUT:"C:\Repositories\FableWorld\FableWorld\Debug\FableWorld.exe" /NOLOGO kernel32.lib user32.lib gdi32.lib winspool.lib comdlg32.lib advapi32.lib shell32.lib ole32.lib oleaut32.lib uuid.lib odbc32.lib odbccp32.lib /MANIFEST /MANIFESTUAC:"level='asInvoker' uiAccess='false'" /manifest:embed /DEBUG /PDB:"C:\Repositories\FableWorld\FableWorld\Debug\FableWorld.pdb" /TLBID:1 /DYNAMICBASE /NXCOMPAT /IMPLIB:"C:\Repositories\FableWorld\FableWorld\Debug\FableWorld.lib" /MACHINE:X86 /SAFESEH Debug\Camera.obj
         Debug\DirectInput.obj
         Debug\GameEngine.obj
         Debug\GameObject.obj
         Debug\HeroSelection.obj
         Debug\IBaseMenuObject.obj
         Debug\LuaFunctions.obj
         Debug\Main.obj
         Debug\Misc.obj
         Debug\Sky.obj
         Debug\SoundSyst.obj
         Debug\StaticMesh.obj
         Debug\Terrain.obj
         Debug\TextManager.obj
         Debug\Button.obj
         Debug\Label.obj
         Debug\Textbox.obj
         Debug\SkinnedMesh.obj
         Debug\tinystr.obj
         Debug\tinyxml.obj
         Debug\tinyxmlerror.obj
         Debug\tinyxmlparser.obj
         Debug\Game.obj
         Debug\Menu.obj
         Debug\MenuInGame.obj
         Debug\DialogueManager.obj
         Debug\Tree.obj
     1>Camera.obj : warning LNK4075: ignoring '/EDITANDCONTINUE' due to '/SAFESEH' specification
         FableWorld.vcxproj -> C:\Repositories\FableWorld\FableWorld\Debug\FableWorld.exe
     1>Done Building Project "C:\Repositories\FableWorld\FableWorld\FableWorld\FableWorld.vcxproj" (Build target(s)).

Build succeeded.

Time Elapsed 00:00:28.62
