C:\PROJECTS\FABLEWORLD\FW_SOL_VS10\FABLEWORLD_SOLUTION\FABLEWORLD\RELEASE\ALLOCMESHHIERARCHY.OBJ
C:\PROJECTS\FABLEWORLD\FW_SOL_VS10\FABLEWORLD_SOLUTION\FABLEWORLD\RELEASE\GUIWINDOW.OBJ
C:\PROJECTS\FABLEWORLD\FW_SOL_VS10\FABLEWORLD_SOLUTION\FABLEWORLD\RELEASE\GUITEXTBOX.OBJ
C:\PROJECTS\FABLEWORLD\FW_SOL_VS10\FABLEWORLD_SOLUTION\FABLEWORLD\RELEASE\GUILABEL.OBJ
C:\PROJECTS\FABLEWORLD\FW_SOL_VS10\FABLEWORLD_SOLUTION\FABLEWORLD\RELEASE\GUIBUTTON.OBJ
C:\PROJECTS\FABLEWORLD\FW_SOL_VS10\FABLEWORLD_SOLUTION\FABLEWORLD\RELEASE\VERTEX.OBJ
C:\PROJECTS\FABLEWORLD\FW_SOL_VS10\FABLEWORLD_SOLUTION\FABLEWORLD\RELEASE\TEXT.OBJ
C:\PROJECTS\FABLEWORLD\FW_SOL_VS10\FABLEWORLD_SOLUTION\FABLEWORLD\RELEASE\TERRAIN.OBJ
C:\PROJECTS\FABLEWORLD\FW_SOL_VS10\FABLEWORLD_SOLUTION\FABLEWORLD\RELEASE\STATICMESH.OBJ
C:\PROJECTS\FABLEWORLD\FW_SOL_VS10\FABLEWORLD_SOLUTION\FABLEWORLD\RELEASE\SOUNDSYST.OBJ
C:\PROJECTS\FABLEWORLD\FW_SOL_VS10\FABLEWORLD_SOLUTION\FABLEWORLD\RELEASE\SKY.OBJ
C:\PROJECTS\FABLEWORLD\FW_SOL_VS10\FABLEWORLD_SOLUTION\FABLEWORLD\RELEASE\SCENES.OBJ
C:\PROJECTS\FABLEWORLD\FW_SOL_VS10\FABLEWORLD_SOLUTION\FABLEWORLD\RELEASE\MISC.OBJ
C:\PROJECTS\FABLEWORLD\FW_SOL_VS10\FABLEWORLD_SOLUTION\FABLEWORLD\RELEASE\MAIN.OBJ
C:\PROJECTS\FABLEWORLD\FW_SOL_VS10\FABLEWORLD_SOLUTION\FABLEWORLD\RELEASE\LUAFUNCTIONS.OBJ
C:\PROJECTS\FABLEWORLD\FW_SOL_VS10\FABLEWORLD_SOLUTION\FABLEWORLD\RELEASE\GUICOMPONENT.OBJ
C:\PROJECTS\FABLEWORLD\FW_SOL_VS10\FABLEWORLD_SOLUTION\FABLEWORLD\RELEASE\GAMEOBJECT.OBJ
C:\PROJECTS\FABLEWORLD\FW_SOL_VS10\FABLEWORLD_SOLUTION\FABLEWORLD\RELEASE\GAMEENGINE.OBJ
C:\PROJECTS\FABLEWORLD\FW_SOL_VS10\FABLEWORLD_SOLUTION\FABLEWORLD\RELEASE\DIRECTINPUT.OBJ
C:\PROJECTS\FABLEWORLD\FW_SOL_VS10\FABLEWORLD_SOLUTION\FABLEWORLD\RELEASE\CAMERA.OBJ
C:\PROJECTS\FABLEWORLD\FW_SOL_VS10\FABLEWORLD_SOLUTION\FABLEWORLD\RELEASE\TREE.OBJ
C:\PROJECTS\FABLEWORLD\FW_SOL_VS10\FABLEWORLD_SOLUTION\FABLEWORLD\RELEASE\DIALOGUE.OBJ
C:\PROJECTS\FABLEWORLD\FW_SOL_VS10\FABLEWORLD_SOLUTION\FABLEWORLD\RELEASE\MENUINGAME.OBJ
C:\PROJECTS\FABLEWORLD\FW_SOL_VS10\FABLEWORLD_SOLUTION\FABLEWORLD\RELEASE\MENU.OBJ
C:\PROJECTS\FABLEWORLD\FW_SOL_VS10\FABLEWORLD_SOLUTION\FABLEWORLD\RELEASE\GAME.OBJ
C:\PROJECTS\FABLEWORLD\FW_SOL_VS10\FABLEWORLD_SOLUTION\FABLEWORLD\RELEASE\TINYXMLPARSER.OBJ
C:\PROJECTS\FABLEWORLD\FW_SOL_VS10\FABLEWORLD_SOLUTION\FABLEWORLD\RELEASE\TINYXMLERROR.OBJ
C:\PROJECTS\FABLEWORLD\FW_SOL_VS10\FABLEWORLD_SOLUTION\FABLEWORLD\RELEASE\TINYXML.OBJ
C:\PROJECTS\FABLEWORLD\FW_SOL_VS10\FABLEWORLD_SOLUTION\FABLEWORLD\RELEASE\TINYSTR.OBJ
C:\PROJECTS\FABLEWORLD\FW_SOL_VS10\FABLEWORLD_SOLUTION\FABLEWORLD\RELEASE\SKINNEDMESH.OBJ
C:\PROJECTS\FABLEWORLD\FW_SOL_VS10\FABLEWORLD_SOLUTION\FABLEWORLD\RELEASE\VC100.PDB
C:\PROJECTS\FABLEWORLD\FW_SOL_VS12\FABLEWORLD_SOLUTION\FABLEWORLD\RELEASE\SKINNEDMESH.OBJ
C:\PROJECTS\FABLEWORLD\FW_SOL_VS12\FABLEWORLD_SOLUTION\FABLEWORLD\RELEASE\ALLOCMESHHIERARCHY.OBJ
C:\PROJECTS\FABLEWORLD\FW_SOL_VS12\FABLEWORLD_SOLUTION\FABLEWORLD\RELEASE\GUIWINDOW.OBJ
C:\PROJECTS\FABLEWORLD\FW_SOL_VS12\FABLEWORLD_SOLUTION\FABLEWORLD\RELEASE\GUITEXTBOX.OBJ
C:\PROJECTS\FABLEWORLD\FW_SOL_VS12\FABLEWORLD_SOLUTION\FABLEWORLD\RELEASE\GUILABEL.OBJ
C:\PROJECTS\FABLEWORLD\FW_SOL_VS12\FABLEWORLD_SOLUTION\FABLEWORLD\RELEASE\GUIBUTTON.OBJ
C:\PROJECTS\FABLEWORLD\FW_SOL_VS12\FABLEWORLD_SOLUTION\FABLEWORLD\RELEASE\TEXT.OBJ
C:\PROJECTS\FABLEWORLD\FW_SOL_VS12\FABLEWORLD_SOLUTION\FABLEWORLD\RELEASE\TERRAIN.OBJ
C:\PROJECTS\FABLEWORLD\FW_SOL_VS12\FABLEWORLD_SOLUTION\FABLEWORLD\RELEASE\STATICMESH.OBJ
C:\PROJECTS\FABLEWORLD\FW_SOL_VS12\FABLEWORLD_SOLUTION\FABLEWORLD\RELEASE\SOUNDSYST.OBJ
C:\PROJECTS\FABLEWORLD\FW_SOL_VS12\FABLEWORLD_SOLUTION\FABLEWORLD\RELEASE\SKY.OBJ
C:\PROJECTS\FABLEWORLD\FW_SOL_VS12\FABLEWORLD_SOLUTION\FABLEWORLD\RELEASE\SCENES.OBJ
C:\PROJECTS\FABLEWORLD\FW_SOL_VS12\FABLEWORLD_SOLUTION\FABLEWORLD\RELEASE\MISC.OBJ
C:\PROJECTS\FABLEWORLD\FW_SOL_VS12\FABLEWORLD_SOLUTION\FABLEWORLD\RELEASE\MAIN.OBJ
C:\PROJECTS\FABLEWORLD\FW_SOL_VS12\FABLEWORLD_SOLUTION\FABLEWORLD\RELEASE\LUAFUNCTIONS.OBJ
C:\PROJECTS\FABLEWORLD\FW_SOL_VS12\FABLEWORLD_SOLUTION\FABLEWORLD\RELEASE\GUICOMPONENT.OBJ
C:\PROJECTS\FABLEWORLD\FW_SOL_VS12\FABLEWORLD_SOLUTION\FABLEWORLD\RELEASE\GAMEOBJECT.OBJ
C:\PROJECTS\FABLEWORLD\FW_SOL_VS12\FABLEWORLD_SOLUTION\FABLEWORLD\RELEASE\GAMEENGINE.OBJ
C:\PROJECTS\FABLEWORLD\FW_SOL_VS12\FABLEWORLD_SOLUTION\FABLEWORLD\RELEASE\DIRECTINPUT.OBJ
C:\PROJECTS\FABLEWORLD\FW_SOL_VS12\FABLEWORLD_SOLUTION\FABLEWORLD\RELEASE\CAMERA.OBJ
C:\PROJECTS\FABLEWORLD\FW_SOL_VS12\FABLEWORLD_SOLUTION\FABLEWORLD\RELEASE\TREE.OBJ
C:\PROJECTS\FABLEWORLD\FW_SOL_VS12\FABLEWORLD_SOLUTION\FABLEWORLD\RELEASE\DIALOGUE.OBJ
C:\PROJECTS\FABLEWORLD\FW_SOL_VS12\FABLEWORLD_SOLUTION\FABLEWORLD\RELEASE\MENUINGAME.OBJ
C:\PROJECTS\FABLEWORLD\FW_SOL_VS12\FABLEWORLD_SOLUTION\FABLEWORLD\RELEASE\MENU.OBJ
C:\PROJECTS\FABLEWORLD\FW_SOL_VS12\FABLEWORLD_SOLUTION\FABLEWORLD\RELEASE\GAME.OBJ
C:\PROJECTS\FABLEWORLD\FW_SOL_VS12\FABLEWORLD_SOLUTION\FABLEWORLD\RELEASE\TINYXMLPARSER.OBJ
C:\PROJECTS\FABLEWORLD\FW_SOL_VS12\FABLEWORLD_SOLUTION\FABLEWORLD\RELEASE\TINYXMLERROR.OBJ
C:\PROJECTS\FABLEWORLD\FW_SOL_VS12\FABLEWORLD_SOLUTION\FABLEWORLD\RELEASE\TINYXML.OBJ
C:\PROJECTS\FABLEWORLD\FW_SOL_VS12\FABLEWORLD_SOLUTION\FABLEWORLD\RELEASE\TINYSTR.OBJ
C:\PROJECTS\FABLEWORLD\FW_SOL_VS12\FABLEWORLD_SOLUTION\FABLEWORLD\RELEASE\VC100.PDB
C:\PROJECTS\FABLEWORLD\FW_SOL_VS10\FABLEWORLD_SOLUTION\RELEASE\FABLEWORLD.EXE
C:\PROJECTS\FABLEWORLD\FW_SOL_VS10\FABLEWORLD_SOLUTION\FABLEWORLD\RELEASE\FABLEWORLD.EXE.INTERMEDIATE.MANIFEST
C:\PROJECTS\FABLEWORLD\FW_SOL_VS10\FABLEWORLD_SOLUTION\RELEASE\FABLEWORLD.PDB
C:\PROJECTS\FABLEWORLD\FW_SOL_VS12\FABLEWORLD_SOLUTION\RELEASE\FABLEWORLD.EXE
C:\PROJECTS\FABLEWORLD\FW_SOL_VS12\FABLEWORLD_SOLUTION\FABLEWORLD\RELEASE\FABLEWORLD.EXE.INTERMEDIATE.MANIFEST
C:\PROJECTS\FABLEWORLD\FW_SOL_VS12\FABLEWORLD_SOLUTION\RELEASE\FABLEWORLD.PDB
C:\Projects\FableWorld\FW_sol_VS12\FableWorld_solution\FableWorld\Release\AllocMeshHierarchy.obj
C:\Projects\FableWorld\FW_sol_VS12\FableWorld_solution\FableWorld\Release\Camera.obj
C:\Projects\FableWorld\FW_sol_VS12\FableWorld_solution\FableWorld\Release\Dialogue.obj
C:\Projects\FableWorld\FW_sol_VS12\FableWorld_solution\FableWorld\Release\DirectInput.obj
C:\Projects\FableWorld\FW_sol_VS12\FableWorld_solution\FableWorld\Release\Game.obj
C:\Projects\FableWorld\FW_sol_VS12\FableWorld_solution\FableWorld\Release\GameEngine.obj
C:\Projects\FableWorld\FW_sol_VS12\FableWorld_solution\FableWorld\Release\GameObject.obj
C:\Projects\FableWorld\FW_sol_VS12\FableWorld_solution\FableWorld\Release\GuiButton.obj
C:\Projects\FableWorld\FW_sol_VS12\FableWorld_solution\FableWorld\Release\GuiComponent.obj
C:\Projects\FableWorld\FW_sol_VS12\FableWorld_solution\FableWorld\Release\GuiLabel.obj
C:\Projects\FableWorld\FW_sol_VS12\FableWorld_solution\FableWorld\Release\GuiTextbox.obj
C:\Projects\FableWorld\FW_sol_VS12\FableWorld_solution\FableWorld\Release\GuiWindow.obj
C:\Projects\FableWorld\FW_sol_VS12\FableWorld_solution\FableWorld\Release\LuaFunctions.obj
C:\Projects\FableWorld\FW_sol_VS12\FableWorld_solution\FableWorld\Release\Main.obj
C:\Projects\FableWorld\FW_sol_VS12\FableWorld_solution\FableWorld\Release\Menu.obj
C:\Projects\FableWorld\FW_sol_VS12\FableWorld_solution\FableWorld\Release\MenuInGame.obj
C:\Projects\FableWorld\FW_sol_VS12\FableWorld_solution\FableWorld\Release\Misc.obj
C:\Projects\FableWorld\FW_sol_VS12\FableWorld_solution\FableWorld\Release\Scenes.obj
C:\Projects\FableWorld\FW_sol_VS12\FableWorld_solution\FableWorld\Release\SkinnedMesh.obj
C:\Projects\FableWorld\FW_sol_VS12\FableWorld_solution\FableWorld\Release\Sky.obj
C:\Projects\FableWorld\FW_sol_VS12\FableWorld_solution\FableWorld\Release\SoundSyst.obj
C:\Projects\FableWorld\FW_sol_VS12\FableWorld_solution\FableWorld\Release\StaticMesh.obj
C:\Projects\FableWorld\FW_sol_VS12\FableWorld_solution\FableWorld\Release\Terrain.obj
C:\Projects\FableWorld\FW_sol_VS12\FableWorld_solution\FableWorld\Release\Text.obj
C:\Projects\FableWorld\FW_sol_VS12\FableWorld_solution\FableWorld\Release\tinystr.obj
C:\Projects\FableWorld\FW_sol_VS12\FableWorld_solution\FableWorld\Release\tinyxml.obj
C:\Projects\FableWorld\FW_sol_VS12\FableWorld_solution\FableWorld\Release\tinyxmlerror.obj
C:\Projects\FableWorld\FW_sol_VS12\FableWorld_solution\FableWorld\Release\tinyxmlparser.obj
C:\Projects\FableWorld\FW_sol_VS12\FableWorld_solution\FableWorld\Release\Tree.obj
C:\Projects\FableWorld\FW_sol_VS12\FableWorld_solution\FableWorld\Release\Vertex.obj
C:\Projects\FableWorld\FW_sol_VS12\FableWorld_solution\FableWorld\Release\cl.command.1.tlog
C:\Projects\FableWorld\FW_sol_VS12\FableWorld_solution\FableWorld\Release\CL.read.1.tlog
C:\Projects\FableWorld\FW_sol_VS12\FableWorld_solution\FableWorld\Release\CL.write.1.tlog
C:\Projects\FableWorld\FW_sol_VS12\FableWorld_solution\FableWorld\Release\FableWorld.write.1.tlog
C:\Projects\FableWorld\FW_sol_VS12\FableWorld_solution\FableWorld\Release\link.command.1.tlog
C:\Projects\FableWorld\FW_sol_VS12\FableWorld_solution\FableWorld\Release\link.read.1.tlog
C:\Projects\FableWorld\FW_sol_VS12\FableWorld_solution\FableWorld\Release\link.write.1.tlog
C:\Projects\FableWorld\FW_sol_VS12\FableWorld_solution\FableWorld\Release\mt.command.1.tlog
C:\Projects\FableWorld\FW_sol_VS12\FableWorld_solution\FableWorld\Release\mt.read.1.tlog
C:\Projects\FableWorld\FW_sol_VS12\FableWorld_solution\FableWorld\Release\mt.write.1.tlog
C:\Projects\FableWorld\FW_sol_VS12\FableWorld_solution\FableWorld\Release\FableWorld.exe.intermediate.manifest
C:\Projects\FableWorld\FW_sol_VS12\FableWorld_solution\FableWorld\Release\vc100.pdb
C:\Projects\FableWorld\FW_sol_VS12\FableWorld_solution\Release\FableWorld.pdb
C:\Projects\FableWorld\FW_sol_VS12\FableWorld_solution\Release\FableWorld.exe
