Build started 23.9.2013 г. 14:03:02 ч..
     1>Project "C:\Projects\FableWorld\FW_sol_VS12\FableWorld_solution\FableWorld\FableWorld.vcxproj" on node 2 (Build target(s)).
     1>ClCompile:
         C:\Program Files (x86)\Microsoft Visual Studio 11.0\VC\bin\CL.exe /c /Zi /nologo /W3 /WX- /O2 /Oi /Oy- /GL /D _MBCS /Gm- /EHsc /MD /GS /Gy /fp:precise /Zc:wchar_t /Zc:forScope /Fo"Release\\" /Fd"Release\vc110.pdb" /Gd /TP /analyze- /errorReport:prompt Game.cpp
         Game.cpp
       Link:
         C:\Program Files (x86)\Microsoft Visual Studio 11.0\VC\bin\link.exe /ERRORREPORT:PROMPT /OUT:"C:\Projects\FableWorld\FW_sol_VS12\FableWorld_solution\Release\FableWorld.exe" /NOLOGO lua5.1.lib kernel32.lib user32.lib gdi32.lib winspool.lib comdlg32.lib advapi32.lib shell32.lib ole32.lib oleaut32.lib uuid.lib odbc32.lib odbccp32.lib /MANIFEST /MANIFESTUAC:"level='asInvoker' uiAccess='false'" /manifest:embed /DEBUG /PDB:"C:\Projects\FableWorld\FW_sol_VS12\FableWorld_solution\Release\FableWorld.pdb" /OPT:REF /OPT:ICF /LTCG /TLBID:1 /DYNAMICBASE /NXCOMPAT /IMPLIB:"C:\Projects\FableWorld\FW_sol_VS12\FableWorld_solution\Release\FableWorld.lib" /MACHINE:X86 /SAFESEH Release\Camera.obj
         Release\DirectInput.obj
         Release\EffectSystem.obj
         Release\GunEffect.obj
         Release\GameEngine.obj
         Release\GameObject.obj
         Release\IBaseMenuObject.obj
         Release\LuaFunctions.obj
         Release\Main.obj
         Release\Misc.obj
         Release\Sky.obj
         Release\SoundSyst.obj
         Release\StaticMesh.obj
         Release\Terrain.obj
         Release\TextManager.obj
         Release\Button.obj
         Release\Label.obj
         Release\Textbox.obj
         Release\SkinnedMesh.obj
         Release\tinystr.obj
         Release\tinyxml.obj
         Release\tinyxmlerror.obj
         Release\tinyxmlparser.obj
         Release\Game.obj
         Release\Menu.obj
         Release\MenuInGame.obj
         Release\DialogueManager.obj
         Release\Tree.obj
         Generating code
     1>c:\projects\fableworld\fw_sol_vs12\fableworld_solution\fableworld\gameengine.cpp(372): warning C4715: 'GameEngine::IsDeviceLost' : not all control paths return a value
     1>c:\projects\fableworld\fw_sol_vs12\fableworld_solution\fableworld\tree.cpp(124): warning C4715: 'Tree::FindNode' : not all control paths return a value
         Finished generating code
         FableWorld.vcxproj -> C:\Projects\FableWorld\FW_sol_VS12\FableWorld_solution\Release\FableWorld.exe
     1>Done Building Project "C:\Projects\FableWorld\FW_sol_VS12\FableWorld_solution\FableWorld\FableWorld.vcxproj" (Build target(s)).

Build succeeded.

Time Elapsed 00:00:03.50
